1692090117105.7185 online 116.71
1692093716891.5256 online 135.06
1692097303528.0679 online 284.55
1692101319843.9211 online 200.39
1692104746711.7063 online 274.28
1692108106241.2563 online 152.59
1692111712562.9424 online 173.19
1692115460013.291 online 188.33
1692118901414.6504 online 208.24
1692122639154.0098 online 153.12
1692126087399.034 online 148.22
1692129764077.7039 online 123.47
1692133306357.44 online 205.99
1692136910136.3801 online 236.12
1692140497921.377 online 203.5
1692145439723.5002 online 192.23
1692149784787.9163 online 156.98
1692151849866.2815 online 193.78
1692154967674.6802 online 128.97
1692158653027.0132 online 178.33
1692162130790.9875 online 165.74
1692166032340.268 online 109.85
1692169302952.4487 online 177.46
1692173221670.5923 online 204.55
1692176516697.2139 online 186.65
1692180108542.4775 online 141.0
1692183702905.2502 online 245.58
1692187717608.024 online 147.2
1692191198514.9521 online 169.15
1692194499653.8257 online 190.96
1692198119764.4038 online 157.78
1692201810505.417 online 179.29
1692205299260.1667 online 154.4
1692209058864.507 online 155.45
1692212492612.1104 online 222.86
1692216156901.2886 online 174.31
1692219693376.5725 online 131.49
1692223305812.8926 online 374.62
1692226907221.2864 online 156.09
1692231828299.0518 online 122.64
1692236118996.3682 online 156.55
1692238157295.8435 online 137.71
1692241352548.446 online 137.42
1692244998064.1504 online 152.13
1692248510151.619 online 215.32
1692252408467.8882 online 279.5
1692255708566.7466 online 236.06
1692259611272.6765 online 185.79