1693548446012.1829 online 424.9
1693551712924.3862 online 279.69
1693555645211.6648 online 362.09
1693558953943.9734 online 380.87
1693562553012.3853 online 321.59
1693566095729.5393 online 330.47
1693570152856.6455 online 349.69
1693573631974.5312 online 331.02
1693576911112.9587 online 434.52
1693580513454.6406 online 366.45
1693584255183.2673 online 341.45
1693587693595.5251 online 382.14
1693591497769.704 online 360.55
1693594863354.784 online 365.85
1693598546363.424 online 352.35
1693602104808.0503 online 417.45
1693605699660.3003 online 416.92
1693609292696.428 online 380.5
1693614235323.6309 online 315.8
1693618519219.6885 online 374.99
1693620542775.5354 online 451.24
1693623746501.4707 online 185.22
1693627357478.5725 online 399.73
1693630899678.7437 online 334.13
1693634642448.2463 online 270.75
1693638102929.561 online 193.97
1693641794970.3967 online 175.65
1693645299971.2158 online 173.03
1693648906891.3713 online 190.43
1693652476004.6775 online 136.97
1693656476310.6052 online 159.14
1693659725799.4668 online 146.86
1693663280760.5088 online 172.13
1693666893963.1958 online 368.05
1693670551861.8782 online 168.17
1693674103228.181 online 205.84
1693677745557.0884 online 189.86
1693681275029.0576 online 151.58
1693684891837.6516 online 163.04
1693688492669.5095 online 112.47
1693692103452.414 online 177.5
1693695696268.0203 online 185.9
1693700799445.8855 online 170.52
1693705264714.8735 online 195.48
1693707207989.839 online 158.34
1693710130304.0198 online 189.84
1693713787043.0505 online 290.07
1693717293320.3066 online 174.42