1693501309147.4038 online 405.33
1693505110709.7417 online 457.17
1693508471651.6726 online 376.46
1693512112276.9763 online 356.5
1693515710091.966 online 382.24
1693519306679.3948 online 369.2
1693522914311.362 online 353.4
1693528036172.779 online 339.62
1693532631652.8042 online 443.16
1693534606407.4304 online 364.16
1693537399709.197 online 427.35
1693541098611.9902 online 367.36
1693544503277.8164 online 351.29
1693548446508.9312 online 493.99
1693551713225.1343 online 298.11
1693555645491.0044 online 276.65
1693558954329.5874 online 383.67
1693562553791.0833 online 774.35
1693566096018.4626 online 286.33
1693570153213.8816 online 353.44
1693573632330.6636 online 352.81
1693576911486.0752 online 369.24
1693580513800.742 online 343.63
1693584255465.5452 online 279.17
1693587694046.7358 online 447.52
1693591498126.0603 online 354.28
1693594863688.528 online 330.93
1693598546680.6284 online 312.61
1693602105174.204 online 364.18
1693605700023.5894 online 360.74
1693609293118.9126 online 420.06
1693614235679.713 online 353.64
1693618519608.1494 online 385.57
1693620543126.321 online 348.79
1693623746731.0537 online 227.53
1693627358174.7205 online 693.22
1693630899866.104 online 185.32
1693634642700.8503 online 250.26
1693638103099.2583 online 167.34
1693641795163.658 online 190.96
1693645300265.39 online 291.81
1693648907052.96 online 159.19
1693652476126.5947 online 119.96
1693656476427.3638 online 114.68
1693659726098.166 online 296.2
1693663281102.8176 online 340.24
1693666894204.5105 online 238.49
1693670552085.4795 online 220.55