1691762661207.695 online 429.29
1691766100820.6538 online 374.0
1691769808040.8574 online 366.16
1691773305067.06 online 398.86
1691777055957.0298 online 342.32
1691780460978.9402 online 354.21
1691799780631.5596 online 328.31
1691804089352.7207 online 435.33
1691806118393.602 online 326.55
1691809295003.0862 online 300.43
1691813003682.12 online 322.13
1691816506274.2659 online 335.85
1691820249423.7642 online 327.46
1691823691048.3872 online 390.16
1691827410987.6628 online 357.47
1691830902011.8235 online 303.09
1691834498973.0076 online 409.26
1691838083842.9856 online 319.97
1691842057766.3137 online 399.92
1691845345571.529 online 332.26
1691848889266.2974 online 375.1
1691852503159.3184 online 339.28
1691856152237.5872 online 426.35
1691859663661.2542 online 424.55
1691863360992.4165 online 375.24
1691866885272.6587 online 424.62
1691870489181.8552 online 374.02
1691874095064.779 online 347.67
1691877699390.8945 online 383.65
1691881293838.9893 online 380.05
1691886355553.2449 online 464.35
1691890741435.897 online 340.79
1691892655982.6692 online 357.53
1691895747655.4883 online 417.38
1691899393865.2659 online 404.31
1691902903861.8347 online 383.21
1691906613189.6482 online 316.43
1691910099977.6082 online 406.83
1691913783236.3813 online 364.92
1691917303675.336 online 394.2
1691920906057.3435 online 442.15
1691924484217.3179 online 405.24
1691928454033.4795 online 406.94
1691931732932.3618 online 430.54
1691935282623.7725 online 362.46
1691938899062.9368 online 589.74