1693210057358.079 online 401.11
1693213367558.7847 online 361.77
1693216961104.9114 online 366.68
1693220495324.1396 online 315.31
1693224578123.8533 online 429.5
1693228067803.5952 online 350.64
1693231311772.1467 online 419.9
1693234952007.1196 online 425.74
1693238658648.2197 online 384.88
1693242099190.3972 online 453.27
1693245990519.442 online 397.46
1693249264282.9011 online 347.73
1693252908465.7712 online 392.97
1693256498998.587 online 395.91
1693260110281.4785 online 449.25
1693263710613.2659 online 422.32
1693268702887.6533 online 333.23
1693273134785.9375 online 649.18
1693276922713.5227 online 364.45
1693278423166.153 online 374.73
1693281841849.4001 online 353.81
1693285306254.2014 online 389.03
1693289237429.2422 online 409.03
1693292501853.1406 online 337.58
1693296454340.5222 online 489.88
1693299758133.1748 online 356.08
1693303346461.4312 online 394.18
1693306890000.6956 online 355.17
1693310950832.6467 online 328.81
1693314478656.1577 online 398.73
1693317703425.947 online 429.85
1693321353870.0703 online 347.75
1693325064749.2197 online 300.3
1693328502242.8748 online 428.09
1693332357687.731 online 409.47
1693335692122.175 online 315.1
1693339306531.2239 online 421.55
1693342908385.1335 online 411.93
1693346496870.5686 online 580.0
1693350086764.4158 online 405.06
1693355100695.4448 online 340.53
1693359500490.0625 online 369.04
1693361517933.2551 online 408.23
1693364601485.358 online 351.37
1693368293016.1047 online 366.98
1693371729007.7944 online 373.31
1693375631782.5762 online 415.41
1693378910166.1506 online 347.79