1694312229480 online 176.38
1694315331824 online 244.33
1694319009651 online 153.28
1694322463158 online 138.66
1694326224632 online 289.68
1694329649998 online 210.92
1694333399881 online 120.13
1694336891282 online 176.61
1694340493535 online 193.18
1694343995195 online 140.49
1694348051167 online 132.77
1694351307236 online 139.99
1694354812745 online 143.15
1694358463567 online 128.24
1694362177483 online 155.03
1694365648693 online 131.56
1694369394023 online 323.07
1694372796552 online 326.67
1694376498273 online 134.2
1694380008352 online 187.93
1694383648411 online 161.28
1694387265955 online 192.62
1694392784009 online 138.76
1694396580250 online 108.62
1694398554973 online 142.25
1694401749661 online 149.88
1694405437697 online 359.18
1694408919007 online 235.65
1694412718407 online 198.41
1694416134914 online 183.88
1694419929726 online 310.79
1694423391673 online 135.24
1694426975559 online 158.36
1694430442772 online 276.99
1694434598413 online 181.51
1694437917642 online 291.54
1694441309211 online 183.07
1694444951522 online 172.42
1694448675304 online 154.69
1694452108824 online 186.12
1694455874029 online 125.83
1694459225114 online 178.27
1694462901137 online 188.25
1694466459373 online 194.45
1694470072981 online 312.07
1694473704230 online 151.17
1694479091903 online 150.85
1694482831379 online 168.42